<?xml version="1.0" encoding="UTF-8"?>
<!-- Generated by org.testng.reporters.JUnitReportReporter -->
<testsuite skipped="0" hostname="DESKTOP-4P5708J" name="ApiRestAssured.demoGET_call" tests="1" failures="0" timestamp="2023-02-24T13:13:59 IST" time="3.576" errors="0">
  <testcase name="getCall" time="3.576" classname="ApiRestAssured.demoGET_call"/>
  <system-out/>
</testsuite> <!-- ApiRestAssured.demoGET_call -->
